2025-03-02 14:20:35,504 - Starting dataset generation
2025-03-02 14:20:35,505 - Generating new dataset with 5 samples
2025-03-02 14:20:35,505 - Configuration: input_dim=6, len_sample=2
2025-03-02 14:20:35,541 - Generating sample 1/5
2025-03-02 14:20:35,541 - Time parameters - dt: 0.025, n_steps: 80, t_span: [0, 2]
2025-03-02 14:20:37,674 - Sample 1 completed in 2.13 seconds
2025-03-02 14:20:37,675 - Progress: 20.0% - Elapsed: 2.2s - Remaining: 8.7s
2025-03-02 14:20:37,675 - Generating sample 2/5
2025-03-02 14:20:37,675 - Time parameters - dt: 0.025, n_steps: 80, t_span: [0, 2]
2025-03-02 14:20:39,751 - Sample 2 completed in 2.08 seconds
2025-03-02 14:20:39,751 - Progress: 40.0% - Elapsed: 4.2s - Remaining: 6.4s
2025-03-02 14:20:39,752 - Generating sample 3/5
2025-03-02 14:20:39,752 - Time parameters - dt: 0.025, n_steps: 80, t_span: [0, 2]
2025-03-02 14:20:41,727 - Sample 3 completed in 1.97 seconds
2025-03-02 14:20:41,727 - Progress: 60.0% - Elapsed: 6.2s - Remaining: 4.1s
2025-03-02 14:20:41,727 - Generating sample 4/5
2025-03-02 14:20:41,727 - Time parameters - dt: 0.025, n_steps: 80, t_span: [0, 2]
2025-03-02 14:20:43,718 - Sample 4 completed in 1.99 seconds
2025-03-02 14:20:43,718 - Progress: 80.0% - Elapsed: 8.2s - Remaining: 2.1s
2025-03-02 14:20:43,719 - Generating sample 5/5
2025-03-02 14:20:43,719 - Time parameters - dt: 0.025, n_steps: 80, t_span: [0, 2]
2025-03-02 14:20:45,694 - Sample 5 completed in 1.97 seconds
2025-03-02 14:20:45,695 - Progress: 100.0% - Elapsed: 10.2s - Remaining: 0.0s
2025-03-02 14:20:45,695 - Combining and processing dataset
2025-03-02 14:20:45,701 - Saving dataset to D:\GitHub\JPMC-part-1-modified\temp_test_data/nD_Rosenbrock2.pkl
2025-03-02 14:20:45,703 - Dataset generation completed in 10.20 seconds
2025-03-02 14:20:45,703 - Final dataset shapes - coords: (324, 6), dcoords: (324, 6)
2025-03-02 14:20:45,712 - Starting dataset generation
2025-03-02 14:20:45,715 - Generating new dataset with 5 samples
2025-03-02 14:20:45,715 - Configuration: input_dim=4, len_sample=2
2025-03-02 14:20:45,721 - Generating sample 1/5
2025-03-02 14:20:45,722 - Time parameters - dt: 0.025, n_steps: 80, t_span: [0, 2]
2025-03-02 14:20:47,736 - Sample 1 completed in 2.02 seconds
2025-03-02 14:20:47,736 - Progress: 20.0% - Elapsed: 2.0s - Remaining: 8.1s
2025-03-02 14:20:47,737 - Generating sample 2/5
2025-03-02 14:20:47,737 - Time parameters - dt: 0.025, n_steps: 80, t_span: [0, 2]
2025-03-02 14:20:49,903 - Sample 2 completed in 2.17 seconds
2025-03-02 14:20:49,904 - Progress: 40.0% - Elapsed: 4.2s - Remaining: 6.3s
2025-03-02 14:20:49,904 - Generating sample 3/5
2025-03-02 14:20:49,904 - Time parameters - dt: 0.025, n_steps: 80, t_span: [0, 2]
2025-03-02 14:20:51,889 - Sample 3 completed in 1.98 seconds
2025-03-02 14:20:51,890 - Progress: 60.0% - Elapsed: 6.2s - Remaining: 4.1s
2025-03-02 14:20:51,890 - Generating sample 4/5
2025-03-02 14:20:51,890 - Time parameters - dt: 0.025, n_steps: 80, t_span: [0, 2]
2025-03-02 14:20:53,894 - Sample 4 completed in 2.00 seconds
2025-03-02 14:20:53,894 - Progress: 80.0% - Elapsed: 8.2s - Remaining: 2.0s
2025-03-02 14:20:53,894 - Generating sample 5/5
2025-03-02 14:20:53,894 - Time parameters - dt: 0.025, n_steps: 80, t_span: [0, 2]
2025-03-02 14:20:56,122 - Sample 5 completed in 2.23 seconds
2025-03-02 14:20:56,122 - Progress: 100.0% - Elapsed: 10.4s - Remaining: 0.0s
2025-03-02 14:20:56,123 - Combining and processing dataset
2025-03-02 14:20:56,128 - Saving dataset to D:\GitHub\JPMC-part-1-modified\temp_test_data/2D_Neal_funnel2.pkl
2025-03-02 14:20:56,129 - Dataset generation completed in 10.42 seconds
2025-03-02 14:20:56,130 - Final dataset shapes - coords: (324, 4), dcoords: (324, 4)
2025-03-02 14:20:56,137 - Starting dataset generation
2025-03-02 14:20:56,139 - Generating new dataset with 5 samples
2025-03-02 14:20:56,139 - Configuration: input_dim=10, len_sample=2
2025-03-02 14:20:56,145 - Generating sample 1/5
2025-03-02 14:20:56,145 - Time parameters - dt: 0.025, n_steps: 80, t_span: [0, 2]
2025-03-02 14:20:57,711 - Sample 1 completed in 1.57 seconds
2025-03-02 14:20:57,712 - Progress: 20.0% - Elapsed: 1.6s - Remaining: 6.3s
2025-03-02 14:20:57,712 - Generating sample 2/5
2025-03-02 14:20:57,712 - Time parameters - dt: 0.025, n_steps: 80, t_span: [0, 2]
2025-03-02 14:20:59,252 - Sample 2 completed in 1.54 seconds
2025-03-02 14:20:59,253 - Progress: 40.0% - Elapsed: 3.1s - Remaining: 4.7s
2025-03-02 14:20:59,253 - Generating sample 3/5
2025-03-02 14:20:59,253 - Time parameters - dt: 0.025, n_steps: 80, t_span: [0, 2]
2025-03-02 14:21:01,103 - Sample 3 completed in 1.85 seconds
2025-03-02 14:21:01,103 - Progress: 60.0% - Elapsed: 5.0s - Remaining: 3.3s
2025-03-02 14:21:01,103 - Generating sample 4/5
2025-03-02 14:21:01,104 - Time parameters - dt: 0.025, n_steps: 80, t_span: [0, 2]
2025-03-02 14:21:02,724 - Sample 4 completed in 1.62 seconds
2025-03-02 14:21:02,724 - Progress: 80.0% - Elapsed: 6.6s - Remaining: 1.6s
2025-03-02 14:21:02,725 - Generating sample 5/5
2025-03-02 14:21:02,725 - Time parameters - dt: 0.025, n_steps: 80, t_span: [0, 2]
2025-03-02 14:21:04,588 - Sample 5 completed in 1.86 seconds
2025-03-02 14:21:04,588 - Progress: 100.0% - Elapsed: 8.5s - Remaining: 0.0s
2025-03-02 14:21:04,589 - Combining and processing dataset
2025-03-02 14:21:04,595 - Saving dataset to D:\GitHub\JPMC-part-1-modified\temp_test_data/5D_illconditioned_Gaussian2.pkl
2025-03-02 14:21:04,597 - Dataset generation completed in 8.46 seconds
2025-03-02 14:21:04,597 - Final dataset shapes - coords: (324, 10), dcoords: (324, 10)
2025-03-02 14:21:04,605 - Starting dataset generation
2025-03-02 14:21:04,607 - Generating new dataset with 5 samples
2025-03-02 14:21:04,608 - Configuration: input_dim=50, len_sample=2
2025-03-02 14:21:04,615 - Generating sample 1/5
2025-03-02 14:21:04,615 - Time parameters - dt: 0.025, n_steps: 80, t_span: [0, 2]
2025-03-02 14:21:06,989 - Sample 1 completed in 2.37 seconds
2025-03-02 14:21:06,990 - Progress: 20.0% - Elapsed: 2.4s - Remaining: 9.5s
2025-03-02 14:21:06,990 - Generating sample 2/5
2025-03-02 14:21:06,990 - Time parameters - dt: 0.025, n_steps: 80, t_span: [0, 2]
2025-03-02 14:21:09,075 - Sample 2 completed in 2.09 seconds
2025-03-02 14:21:09,075 - Progress: 40.0% - Elapsed: 4.5s - Remaining: 6.7s
2025-03-02 14:21:09,076 - Generating sample 3/5
2025-03-02 14:21:09,076 - Time parameters - dt: 0.025, n_steps: 80, t_span: [0, 2]
2025-03-02 14:21:11,188 - Sample 3 completed in 2.11 seconds
2025-03-02 14:21:11,189 - Progress: 60.0% - Elapsed: 6.6s - Remaining: 4.4s
2025-03-02 14:21:11,189 - Generating sample 4/5
2025-03-02 14:21:11,189 - Time parameters - dt: 0.025, n_steps: 80, t_span: [0, 2]
2025-03-02 14:21:13,232 - Sample 4 completed in 2.04 seconds
2025-03-02 14:21:13,233 - Progress: 80.0% - Elapsed: 8.6s - Remaining: 2.2s
2025-03-02 14:21:13,233 - Generating sample 5/5
2025-03-02 14:21:13,233 - Time parameters - dt: 0.025, n_steps: 80, t_span: [0, 2]
2025-03-02 14:21:15,319 - Sample 5 completed in 2.09 seconds
2025-03-02 14:21:15,319 - Progress: 100.0% - Elapsed: 10.7s - Remaining: 0.0s
2025-03-02 14:21:15,319 - Combining and processing dataset
2025-03-02 14:21:15,325 - Saving dataset to D:\GitHub\JPMC-part-1-modified\temp_test_data/Allen_Cahn2.pkl
2025-03-02 14:21:15,326 - Dataset generation completed in 10.72 seconds
2025-03-02 14:21:15,327 - Final dataset shapes - coords: (324, 50), dcoords: (324, 50)
2025-03-02 14:21:15,346 - Time parameters - dt: 0.025, n_steps: 80, t_span: [0, 2]
2025-03-02 14:21:17,538 - Time parameters - dt: 0.1, n_steps: 20, t_span: [0, 2]
2025-03-02 14:21:18,049 - Time parameters - dt: 0.025, n_steps: 80, t_span: [0, 2]
2025-03-02 14:21:20,071 - Time parameters - dt: 0.1, n_steps: 20, t_span: [0, 2]
2025-03-02 14:21:20,563 - Time parameters - dt: 0.025, n_steps: 80, t_span: [0, 2]
2025-03-02 14:21:22,008 - Time parameters - dt: 0.1, n_steps: 20, t_span: [0, 2]
2025-03-02 14:21:22,386 - Time parameters - dt: 0.025, n_steps: 80, t_span: [0, 2]
2025-03-02 14:21:24,423 - Time parameters - dt: 0.1, n_steps: 20, t_span: [0, 2]
